# JRE version: OpenJDK Runtime Environment JBR-17.0.9+7-1087.7-nomod (17.0.9+7) (build 17.0.9+7-b1087.7)
# Java VM: OpenJDK 64-Bit Server VM JBR-17.0.9+7-1087.7-nomod (17.0.9+7-b1087.7, mixed mode, emulated-client, tiered, compressed oops, compressed class ptrs, g1 gc, windows-amd64)
GC Precious Log:
 CPUs: 16 total, 16 available
 Memory: 7599M
 Large Page Support: Disabled
 NUMA Support: Disabled
 Compressed Oops: Enabled (32-bit)
 Heap Region Size: 1M
 Heap Min Capacity: 8M
 Heap Initial Capacity: 120M
 Heap Max Capacity: 1900M
 Pre-touch: Disabled
 Parallel Workers: 13
 Concurrent Workers: 3
 Concurrent Refinement Workers: 13
 Periodic GC: Disabled
Heap:
 garbage-first heap   total 58368K, used 31123K [0x0000000089400000, 0x0000000100000000)
  region size 1024K, 16 young (16384K), 3 survivors (3072K)
 Metaspace       used 47284K, committed 48832K, reserved 1114112K
  class space    used 6329K, committed 6912K, reserved 1048576K
GC Heap History (20 events):
Event: 859.280 GC heap before
{Heap before GC invocations=54 (full 20):
 garbage-first heap   total 51200K, used 36053K [0x0000000089400000, 0x0000000100000000)
  region size 1024K, 20 young (20480K), 0 survivors (0K)
 Metaspace       used 48179K, committed 49088K, reserved 1114112K
  class space    used 6515K, committed 6912K, reserved 1048576K
}
Event: 859.283 GC heap after
{Heap after GC invocations=55 (full 20):
 garbage-first heap   total 51200K, used 18769K [0x0000000089400000, 0x0000000100000000)
  region size 1024K, 3 young (3072K), 3 survivors (3072K)
 Metaspace       used 48179K, committed 49088K, reserved 1114112K
  class space    used 6515K, committed 6912K, reserved 1048576K
}
Event: 882.120 GC heap before
{Heap before GC invocations=55 (full 20):
 garbage-first heap   total 51200K, used 36177K [0x0000000089400000, 0x0000000100000000)
  region size 1024K, 21 young (21504K), 3 survivors (3072K)
 Metaspace       used 48223K, committed 49152K, reserved 1114112K
  class space    used 6519K, committed 6912K, reserved 1048576K
}
Event: 882.163 GC heap after
{Heap after GC invocations=56 (full 21):
 garbage-first heap   total 51200K, used 16710K [0x0000000089400000, 0x0000000100000000)
  region size 1024K, 0 young (0K), 0 survivors (0K)
 Metaspace       used 48160K, committed 49152K, reserved 1114112K
  class space    used 6513K, committed 6912K, reserved 1048576K
}
Event: 882.381 GC heap before
{Heap before GC invocations=56 (full 21):
 garbage-first heap   total 51200K, used 38214K [0x0000000089400000, 0x0000000100000000)
  region size 1024K, 21 young (21504K), 0 survivors (0K)
 Metaspace       used 48179K, committed 49152K, reserved 1114112K
  class space    used 6515K, committed 6912K, reserved 1048576K
}
Event: 882.383 GC heap after
{Heap after GC invocations=57 (full 21):
 garbage-first heap   total 51200K, used 18823K [0x0000000089400000, 0x0000000100000000)
  region size 1024K, 3 young (3072K), 3 survivors (3072K)
 Metaspace       used 48179K, committed 49152K, reserved 1114112K
  class space    used 6515K, committed 6912K, reserved 1048576K
}
Event: 883.917 GC heap before
{Heap before GC invocations=57 (full 21):
 garbage-first heap   total 51200K, used 34183K [0x0000000089400000, 0x0000000100000000)
  region size 1024K, 19 young (19456K), 3 survivors (3072K)
 Metaspace       used 48223K, committed 49152K, reserved 1114112K
  class space    used 6519K, committed 6912K, reserved 1048576K
}
Event: 883.942 GC heap after
{Heap after GC invocations=58 (full 22):
 garbage-first heap   total 51200K, used 16756K [0x0000000089400000, 0x0000000100000000)
  region size 1024K, 0 young (0K), 0 survivors (0K)
 Metaspace       used 48161K, committed 49088K, reserved 1114112K
  class space    used 6513K, committed 6912K, reserved 1048576K
}
Event: 884.054 GC heap before
{Heap before GC invocations=58 (full 22):
 garbage-first heap   total 51200K, used 38260K [0x0000000089400000, 0x0000000100000000)
  region size 1024K, 21 young (21504K), 0 survivors (0K)
 Metaspace       used 48179K, committed 49088K, reserved 1114112K
  class space    used 6515K, committed 6912K, reserved 1048576K
}
Event: 884.056 GC heap after
{Heap after GC invocations=59 (full 22):
 garbage-first heap   total 51200K, used 18869K [0x0000000089400000, 0x0000000100000000)
  region size 1024K, 3 young (3072K), 3 survivors (3072K)
 Metaspace       used 48179K, committed 49088K, reserved 1114112K
  class space    used 6515K, committed 6912K, reserved 1048576K
}
Event: 1020.628 GC heap before
{Heap before GC invocations=59 (full 22):
 garbage-first heap   total 51200K, used 38325K [0x0000000089400000, 0x0000000100000000)
  region size 1024K, 22 young (22528K), 3 survivors (3072K)
 Metaspace       used 48220K, committed 49088K, reserved 1114112K
  class space    used 6518K, committed 6912K, reserved 1048576K
}
Event: 1020.631 GC heap after
{Heap after GC invocations=60 (full 22):
 garbage-first heap   total 61440K, used 19441K [0x0000000089400000, 0x0000000100000000)
  region size 1024K, 2 young (2048K), 2 survivors (2048K)
 Metaspace       used 48220K, committed 49088K, reserved 1114112K
  class space    used 6518K, committed 6912K, reserved 1048576K
}
Event: 1080.403 GC heap before
{Heap before GC invocations=60 (full 22):
 garbage-first heap   total 61440K, used 21489K [0x0000000089400000, 0x0000000100000000)
  region size 1024K, 5 young (5120K), 2 survivors (2048K)
 Metaspace       used 48223K, committed 49152K, reserved 1114112K
  class space    used 6519K, committed 6912K, reserved 1048576K
}
Event: 1080.441 GC heap after
{Heap after GC invocations=61 (full 23):
 garbage-first heap   total 58368K, used 14386K [0x0000000089400000, 0x0000000100000000)
  region size 1024K, 0 young (0K), 0 survivors (0K)
 Metaspace       used 47733K, committed 49088K, reserved 1114112K
  class space    used 6437K, committed 6912K, reserved 1048576K
}
Event: 1080.839 GC heap before
{Heap before GC invocations=61 (full 23):
 garbage-first heap   total 58368K, used 41010K [0x0000000089400000, 0x0000000100000000)
  region size 1024K, 26 young (26624K), 0 survivors (0K)
 Metaspace       used 47772K, committed 49088K, reserved 1114112K
  class space    used 6443K, committed 6912K, reserved 1048576K
}
Event: 1080.843 GC heap after
{Heap after GC invocations=62 (full 23):
 garbage-first heap   total 58368K, used 17441K [0x0000000089400000, 0x0000000100000000)
  region size 1024K, 3 young (3072K), 3 survivors (3072K)
 Metaspace       used 47772K, committed 49088K, reserved 1114112K
  class space    used 6443K, committed 6912K, reserved 1048576K
}
Event: 1135.082 GC heap before
{Heap before GC invocations=62 (full 23):
 garbage-first heap   total 58368K, used 32801K [0x0000000089400000, 0x0000000100000000)
  region size 1024K, 19 young (19456K), 3 survivors (3072K)
 Metaspace       used 47816K, committed 49088K, reserved 1114112K
  class space    used 6447K, committed 6912K, reserved 1048576K
}
Event: 1135.130 GC heap after
{Heap after GC invocations=63 (full 24):
 garbage-first heap   total 58368K, used 16245K [0x0000000089400000, 0x0000000100000000)
  region size 1024K, 0 young (0K), 0 survivors (0K)
 Metaspace       used 47217K, committed 48832K, reserved 1114112K
  class space    used 6322K, committed 6912K, reserved 1048576K
}
Event: 1135.375 GC heap before
{Heap before GC invocations=63 (full 24):
 garbage-first heap   total 58368K, used 42869K [0x0000000089400000, 0x0000000100000000)
  region size 1024K, 26 young (26624K), 0 survivors (0K)
 Metaspace       used 47240K, committed 48832K, reserved 1114112K
  class space    used 6326K, committed 6912K, reserved 1048576K
}
Event: 1135.378 GC heap after
{Heap after GC invocations=64 (full 24):
 garbage-first heap   total 58368K, used 18835K [0x0000000089400000, 0x0000000100000000)
  region size 1024K, 3 young (3072K), 3 survivors (3072K)
 Metaspace       used 47240K, committed 48832K, reserved 1114112K
  class space    used 6326K, committed 6912K, reserved 1048576K
}

